{
  "RSpec": {
    "coverage": {
      "/Users/AAAckerman/Code/Personal/ohsnap_app/spec/controllers/games_controller_spec.rb": [
        1,
        null,
        1,
        null,
        1,
        1,
        1,
        1,
        1,
        null,
        null,
        null,
        1,
        2,
        null,
        null
      ],
      "/Users/AAAckerman/Code/Personal/ohsnap_app/spec/rails_helper.rb": [
        null,
        1,
        1,
        1,
        null,
        1,
        1,
        1,
        1,
        1,
        1,
        null,
        null,
        null,
        null,
        null,
        null,
        null,
        null,
        null,
        4,
        null,
        null,
        null,
        1,
        null,
        1,
        null,
        1,
        null,
        null,
        null,
        null,
        1,
        null,
        null,
        null,
        null,
        null,
        null,
        null,
        null,
        null,
        null,
        null,
        null,
        null,
        null,
        1,
        null
      ],
      "/Users/AAAckerman/Code/Personal/ohsnap_app/config/environment.rb": [
        null,
        1,
        null,
        null,
        1
      ],
      "/Users/AAAckerman/Code/Personal/ohsnap_app/config/application.rb": [
        1,
        null,
        1,
        null,
        null,
        null,
        1,
        null,
        1,
        1,
        null,
        null,
        null,
        null,
        null,
        null,
        null,
        null,
        null,
        null,
        null,
        null,
        null
      ],
      "/Users/AAAckerman/Code/Personal/ohsnap_app/config/boot.rb": [
        null,
        1,
        null,
        1
      ],
      "/Users/AAAckerman/Code/Personal/ohsnap_app/config/environments/test.rb": [
        1,
        null,
        null,
        null,
        null,
        null,
        null,
        1,
        null,
        null,
        null,
        null,
        1,
        null,
        null,
        1,
        1,
        null,
        null,
        1,
        1,
        null,
        null,
        1,
        null,
        null,
        1,
        null,
        null,
        null,
        null,
        1,
        1,
        null,
        null,
        1,
        null,
        null,
        null,
        null
      ],
      "/Users/AAAckerman/Code/Personal/ohsnap_app/config/initializers/assets.rb": [
        null,
        null,
        null,
        1,
        null,
        null,
        null,
        null
      ],
      "/Users/AAAckerman/Code/Personal/ohsnap_app/config/initializers/backtrace_silencers.rb": [
        null,
        null,
        null,
        null,
        null,
        null,
        null
      ],
      "/Users/AAAckerman/Code/Personal/ohsnap_app/config/initializers/cookies_serializer.rb": [
        null,
        null,
        1
      ],
      "/Users/AAAckerman/Code/Personal/ohsnap_app/config/initializers/devise.rb": [
        null,
        null,
        1,
        null,
        null,
        null,
        null,
        null,
        null,
        null,
        null,
        null,
        1,
        null,
        null,
        null,
        null,
        null,
        null,
        null,
        null,
        1,
        null,
        null,
        null,
        null,
        null,
        null,
        null,
        null,
        null,
        null,
        null,
        null,
        null,
        null,
        null,
        null,
        null,
        null,
        null,
        null,
        null,
        1,
        null,
        null,
        null,
        null,
        1,
        null,
        null,
        null,
        null,
        null,
        null,
        null,
        null,
        null,
        null,
        null,
        null,
        null,
        null,
        null,
        null,
        null,
        null,
        null,
        null,
        null,
        null,
        null,
        null,
        null,
        null,
        null,
        null,
        null,
        null,
        1,
        null,
        null,
        null,
        null,
        null,
        null,
        null,
        null,
        null,
        null,
        null,
        null,
        null,
        null,
        null,
        null,
        1,
        null,
        null,
        null,
        null,
        null,
        null,
        null,
        null,
        null,
        null,
        null,
        null,
        null,
        null,
        null,
        null,
        null,
        null,
        null,
        null,
        null,
        null,
        null,
        null,
        1,
        null,
        null,
        null,
        null,
        null,
        null,
        null,
        null,
        null,
        null,
        null,
        null,
        null,
        null,
        null,
        null,
        null,
        1,
        null,
        null,
        null,
        null,
        null,
        null,
        null,
        null,
        null,
        null,
        null,
        null,
        null,
        null,
        null,
        null,
        null,
        null,
        null,
        null,
        null,
        null,
        null,
        null,
        null,
        null,
        null,
        null,
        null,
        null,
        null,
        null,
        null,
        null,
        null,
        null,
        null,
        null,
        null,
        null,
        null,
        null,
        null,
        null,
        null,
        null,
        null,
        null,
        1,
        null,
        null,
        null,
        null,
        null,
        null,
        null,
        null,
        null,
        null,
        null,
        null,
        null,
        null,
        null,
        null,
        null,
        null,
        null,
        null,
        null,
        null,
        null,
        null,
        null,
        null,
        null,
        null,
        null,
        null,
        null,
        null,
        null,
        null,
        null,
        null,
        null,
        1,
        null,
        null,
        null,
        null,
        null,
        null,
        null,
        null,
        null,
        null,
        null,
        null,
        null,
        null,
        null,
        null,
        null,
        null,
        null,
        null,
        null,
        null,
        null,
        null,
        null,
        null,
        null,
        null,
        null
      ],
      "/Users/AAAckerman/Code/Personal/ohsnap_app/config/initializers/filter_parameter_logging.rb": [
        null,
        null,
        null,
        1
      ],
      "/Users/AAAckerman/Code/Personal/ohsnap_app/config/initializers/inflections.rb": [
        null,
        null,
        null,
        null,
        null,
        null,
        null,
        null,
        null,
        null,
        null,
        null,
        null,
        null,
        null,
        null
      ],
      "/Users/AAAckerman/Code/Personal/ohsnap_app/config/initializers/mime_types.rb": [
        null,
        null,
        null,
        null
      ],
      "/Users/AAAckerman/Code/Personal/ohsnap_app/config/initializers/session_store.rb": [
        null,
        null,
        1
      ],
      "/Users/AAAckerman/Code/Personal/ohsnap_app/config/initializers/wrap_parameters.rb": [
        null,
        null,
        null,
        null,
        null,
        null,
        1,
        1,
        null,
        null,
        null,
        null,
        null,
        null
      ],
      "/Users/AAAckerman/Code/Personal/ohsnap_app/spec/factories/users.rb": [
        1,
        null,
        1,
        1,
        1,
        1,
        1,
        1,
        1,
        1,
        null,
        null,
        1,
        1,
        1,
        1,
        1,
        1,
        1,
        1,
        null,
        null,
        1,
        1,
        1,
        1,
        1,
        1,
        1,
        1,
        null,
        null,
        1,
        9,
        null,
        null,
        1,
        1,
        null,
        null,
        null
      ],
      "/Users/AAAckerman/Code/Personal/ohsnap_app/app/models/user.rb": [
        1,
        null,
        null,
        1,
        null,
        null,
        null,
        1,
        1,
        null,
        null,
        1,
        1,
        null,
        null
      ],
      "/Users/AAAckerman/Code/Personal/ohsnap_app/config/routes.rb": [
        1,
        null,
        1,
        1,
        1,
        1,
        1,
        1,
        1,
        null,
        1,
        1,
        null,
        null
      ],
      "/Users/AAAckerman/Code/Personal/ohsnap_app/app/helpers/application_helper.rb": [
        1,
        null
      ],
      "/Users/AAAckerman/Code/Personal/ohsnap_app/spec/support/database_cleaner.rb": [
        1,
        1,
        1,
        null,
        null,
        1,
        50,
        null,
        null,
        1,
        13,
        null,
        null,
        1,
        50,
        null,
        null,
        1,
        50,
        null,
        null,
        null
      ],
      "/Users/AAAckerman/Code/Personal/ohsnap_app/spec/support/features/session_helpers.rb": [
        1,
        1,
        null,
        1,
        5,
        5,
        5,
        5,
        5,
        null,
        null,
        1,
        4,
        4,
        4,
        4,
        4,
        4,
        4,
        4,
        4,
        null,
        null,
        null
      ],
      "/Users/AAAckerman/Code/Personal/ohsnap_app/spec/support/features.rb": [
        1,
        1,
        null
      ],
      "/Users/AAAckerman/Code/Personal/ohsnap_app/app/controllers/games_controller.rb": [
        1,
        null,
        1,
        41,
        41,
        null,
        null,
        1,
        null,
        null,
        1,
        1,
        1,
        1,
        1,
        null,
        null,
        null,
        1,
        0,
        0,
        0,
        null,
        null,
        null,
        1,
        1,
        1,
        null,
        null
      ],
      "/Users/AAAckerman/Code/Personal/ohsnap_app/app/controllers/application_controller.rb": [
        1,
        null,
        null,
        1,
        1,
        null,
        1,
        1,
        21,
        21,
        21,
        null,
        null,
        null
      ],
      "/Users/AAAckerman/Code/Personal/ohsnap_app/spec/controllers/stories_controller_spec.rb": [
        1,
        null,
        1,
        null,
        1,
        1,
        1,
        1,
        1,
        null,
        null,
        null,
        null
      ],
      "/Users/AAAckerman/Code/Personal/ohsnap_app/app/controllers/stories_controller.rb": [
        1,
        null,
        1,
        null,
        null,
        1,
        41,
        41,
        null,
        null,
        1,
        2,
        2,
        2,
        2,
        2,
        null,
        null,
        null,
        1,
        0,
        0,
        0,
        0,
        null,
        null,
        null,
        1,
        1,
        1,
        1,
        1,
        null,
        null,
        null,
        1,
        1,
        2,
        null,
        null
      ],
      "/Users/AAAckerman/Code/Personal/ohsnap_app/spec/factories_spec.rb": [
        1,
        null,
        1,
        1,
        5,
        null,
        null,
        5,
        5,
        5,
        5,
        null,
        null,
        null,
        null,
        null
      ],
      "/Users/AAAckerman/Code/Personal/ohsnap_app/spec/features/add_story_spec.rb": [
        1,
        null,
        null,
        null,
        null,
        null,
        1,
        null,
        1,
        1,
        1,
        1,
        1,
        1,
        1,
        1,
        1,
        null,
        null,
        1,
        1,
        1,
        null,
        null,
        1,
        1,
        1,
        1,
        1,
        1,
        1,
        1,
        1,
        1,
        1,
        null,
        null,
        null
      ],
      "/Users/AAAckerman/Code/Personal/ohsnap_app/spec/features/game_play_spec.rb": [
        1,
        null,
        1,
        null,
        1,
        1,
        1,
        1,
        1,
        1,
        1,
        1,
        1,
        1,
        1,
        1,
        1,
        null,
        null,
        1,
        1,
        1,
        1,
        null,
        null,
        null
      ],
      "/Users/AAAckerman/Code/Personal/ohsnap_app/spec/features/user_logs_in_spec.rb": [
        1,
        null,
        null,
        null,
        null,
        null,
        1,
        null,
        1,
        1,
        1,
        1,
        null,
        null,
        1,
        1,
        1,
        1,
        null,
        null,
        1,
        1,
        1,
        1,
        null,
        null
      ],
      "/Users/AAAckerman/Code/Personal/ohsnap_app/spec/features/user_signs_up_spec.rb": [
        1,
        null,
        null,
        null,
        null,
        null,
        1,
        null,
        1,
        5,
        null,
        null,
        1,
        1,
        1,
        null,
        null,
        1,
        1,
        1,
        null,
        null,
        1,
        1,
        1,
        null,
        null,
        1,
        1,
        1,
        1,
        1,
        null,
        null,
        1,
        1,
        1,
        1,
        null,
        null,
        null
      ],
      "/Users/AAAckerman/Code/Personal/ohsnap_app/spec/models/ability_spec.rb": [
        1,
        1,
        null,
        1,
        null,
        1,
        4,
        null,
        1,
        2,
        2,
        null,
        null,
        1,
        2,
        2,
        null,
        null,
        1,
        2,
        2,
        null,
        null,
        null
      ],
      "/Users/AAAckerman/Code/Personal/ohsnap_app/app/models/ability.rb": [
        1,
        1,
        null,
        1,
        null,
        6,
        null,
        6,
        0,
        null,
        null,
        6,
        1,
        null,
        null,
        null
      ],
      "/Users/AAAckerman/Code/Personal/ohsnap_app/spec/models/food_spec.rb": [
        1,
        null,
        1,
        null,
        2,
        2,
        null,
        null
      ],
      "/Users/AAAckerman/Code/Personal/ohsnap_app/app/models/food.rb": [
        1,
        null
      ],
      "/Users/AAAckerman/Code/Personal/ohsnap_app/spec/models/game_spec.rb": [
        1,
        null,
        1,
        null,
        2,
        2,
        null,
        null
      ],
      "/Users/AAAckerman/Code/Personal/ohsnap_app/app/models/game.rb": [
        1,
        null,
        null,
        1,
        1,
        null,
        null
      ],
      "/Users/AAAckerman/Code/Personal/ohsnap_app/spec/models/state_spec.rb": [
        1,
        null,
        1,
        null,
        2,
        2,
        2,
        2,
        2,
        2,
        2,
        null,
        null
      ],
      "/Users/AAAckerman/Code/Personal/ohsnap_app/app/models/state.rb": [
        1,
        null
      ],
      "/Users/AAAckerman/Code/Personal/ohsnap_app/spec/models/story_spec.rb": [
        1,
        null,
        1,
        null,
        2,
        2,
        2,
        null,
        2,
        null,
        2,
        2,
        null,
        null
      ],
      "/Users/AAAckerman/Code/Personal/ohsnap_app/app/models/story.rb": [
        1,
        null,
        null,
        1,
        null,
        1,
        null,
        null
      ],
      "/Users/AAAckerman/Code/Personal/ohsnap_app/spec/models/user_spec.rb": [
        1,
        null,
        1,
        null,
        2,
        2,
        null,
        2,
        2,
        null,
        2,
        2,
        2,
        null,
        2,
        2,
        null,
        null
      ],
      "/Users/AAAckerman/Code/Personal/ohsnap_app/app/controllers/welcome_controller.rb": [
        1,
        null,
        1,
        null,
        null,
        1,
        null,
        null,
        null
      ],
      "/Users/AAAckerman/Code/Personal/ohsnap_app/app/controllers/states_controller.rb": [
        1,
        null,
        1,
        40,
        40,
        null,
        null,
        null
      ],
      "/Users/AAAckerman/Code/Personal/ohsnap_app/app/controllers/foods_controller.rb": [
        1,
        null,
        1,
        40,
        40,
        null,
        null,
        null
      ]
    },
    "timestamp": 1409779884
  }
}
